libopencore_amrwb --enable-libopenjpeg --enable-libopenmpt --enable-
libopus --enable-libplacebo --enable-libpulse --enable-librav1e
--enable-librsvg --enable-librubberband --enable-libsnappy --enable-
libsoxr --enable-libspeex --enable-libsrt --enable-libssh --enable-
libsvtav1 --enable-libtheora --enable-libv4l2 --enable-libvidstab
--enable-libvmaf --enable-libvorbis --enable-libvpl --enable-libvpx
--enable-libwebp --enable-libx264 --enable-libx265 --enable-libxcb
--enable-libxml2 --enable-libxvid --enable-libzimg --enable-nvdec
--enable-nvenc --enable-opencl --enable-opengl --enable-shared
--enable-vapoursynth --enable-version3 --enable-vulkan libavutil
58. 29.100 / 58. 29.100 libavcodec     60. 31.102 / 60. 31.102
libavformat    60. 16.100 / 60. 16.100 libavdevice    60.  3.100 / 60.
3.100 libavfilter     9. 12.100 /  9. 12.100 libswscale      7.  5.100
/  7.  5.100 libswresample   4. 12.100 /  4. 12.100 libpostproc    57.
3.100 / 57.  3.100
**********

2024-03-04 21:38:18,277 - Persepolis - INFO - python version: 3.11.7 (main, Jan 29 2024, 16:03:57) [GCC 13.2.1 20230801]
2024-03-04 21:38:18,277 - Persepolis - INFO - QT version: 5.15.11
2024-03-04 21:38:18,277 - Persepolis - INFO - PyQt version: 5.15.10
2024-03-04 21:38:18,277 - Persepolis - INFO - Operating system: Linux
2024-03-04 21:38:18,277 - Persepolis - INFO - Desktop env.: KDE
2024-03-04 21:38:20,199 - Persepolis - INFO - Aria2 is running
2024-03-04 21:38:20,200 - Persepolis - INFO - Aria2 version: 1.37.0
2024-03-04 21:38:21,488 - Persepolis - INFO - Please wait ...
2024-03-04 21:38:21,489 - Persepolis - INFO - Aria2 Shutdown : OK
2024-03-04 21:38:22,090 - Persepolis - INFO - Persepolis closed!
===================================================
Persepolis Download Manager, 2024/03/04 21:48:00
2024-03-04 21:48:01,016 - Persepolis - INFO - chrome: Json file is created successfully.
persepolis executer file is created successfully.

2024-03-04 21:48:01,017 - Persepolis - INFO - chromium: Json file is created successfully.
persepolis executer file is created successfully.

2024-03-04 21:48:01,019 - Persepolis - INFO - opera: Json file is created successfully.
persepolis executer file is created successfully.

2024-03-04 21:48:01,020 - Persepolis - INFO - vivaldi: Json file is created successfully.
persepolis executer file is created successfully.

2024-03-04 21:48:01,022 - Persepolis - INFO - firefox: Json file is created successfully.
persepolis executer file is created successfully.

2024-03-04 21:48:01,299 - Persepolis - INFO - youtube_dl version: 2021.12.17
2024-03-04 21:48:01,490 - Persepolis - ERROR - Aria2 didn't respond!
2024-03-04 21:48:01,490 - Persepolis - INFO - Starting Aria2
2024-03-04 21:48:01,548 - Persepolis - INFO - 
**********
ffmpeg version n6.1.1 Copyright (c) 2000-2023 the FFmpeg developers
built with gcc 13.2.1 (GCC) 20230801 configuration: --prefix=/usr
--disable-debug --disable-static --disable-stripping --enable-amf
--enable-avisynth --enable-cuda-llvm --enable-lto --enable-fontconfig
--enable-frei0r --enable-gmp --enable-gnutls --enable-gpl --enable-
ladspa --enable-libaom --enable-libass --enable-libbluray --enable-
libbs2b --enable-libdav1d --enable-libdrm --enable-libfreetype
--enable-libfribidi --enable-libgsm --enable-libharfbuzz --enable-
libiec61883 --enable-libjack --enable-libjxl --enable-libmodplug
--enable-libmp3lame --enable-libopencore_amrnb --enable-
libopencore_amrwb --enable-libopenjpeg --enable-libopenmpt --enable-
libopus --enable-libplacebo --enable-libpulse --enable-librav1e
--enable-librsvg --enable-librubberband --enable-libsnappy --enable-
libsoxr --enable-libspeex --enable-libsrt --enable-libssh --enable-
libsvtav1 --enable-libtheora --enable-libv4l2 --enable-libvidstab
--enable-libvmaf --enable-libvorbis --enable-libvpl --enable-libvpx
--enable-libwebp --enable-libx264 --enable-libx265 --enable-libxcb
--enable-libxml2 --enable-libxvid --enable-libzimg --enable-nvdec
--enable-nvenc --enable-opencl --enable-opengl --enable-shared
--enable-vapoursynth --enable-version3 --enable-vulkan libavutil
58. 29.100 / 58. 29.100 libavcodec     60. 31.102 / 60. 31.102
libavformat    60. 16.100 / 60. 16.100 libavdevice    60.  3.100 / 60.
3.100 libavfilter     9. 12.100 /  9. 12.100 libswscale      7.  5.100
/  7.  5.100 libswresample   4. 12.100 /  4. 12.100 libpostproc    57.
3.100 / 57.  3.100
**********

2024-03-04 21:48:01,549 - Persepolis - INFO - python version: 3.11.7 (main, Jan 29 2024, 16:03:57) [GCC 13.2.1 20230801]
2024-03-04 21:48:01,549 - Persepolis - INFO - QT version: 5.15.11
2024-03-04 21:48:01,549 - Persepolis - INFO - PyQt version: 5.15.10
2024-03-04 21:48:01,549 - Persepolis - INFO - Operating system: Linux
2024-03-04 21:48:01,549 - Persepolis - INFO - Desktop env.: KDE
2024-03-04 21:48:03,494 - Persepolis - INFO - Aria2 is running
2024-03-04 21:48:03,494 - Persepolis - INFO - Aria2 version: 1.37.0
2024-03-04 21:48:21,170 - Persepolis - INFO - Please wait ...
2024-03-04 21:48:21,172 - Persepolis - INFO - Aria2 Shutdown : OK
2024-03-04 21:48:21,872 - Persepolis - INFO - Persepolis closed!
Persepolis Download Manager, 2024/03/04 22:07:59
2024-03-04 22:07:59,988 - Persepolis - INFO - chrome: Json file is created successfully.
persepolis executer file is created successfully.

2024-03-04 22:07:59,991 - Persepolis - INFO - chromium: Json file is created successfully.
persepolis executer file is created successfully.

2024-03-04 22:07:59,993 - Persepolis - INFO - opera: Json file is created successfully.
persepolis executer file is created successfully.

2024-03-04 22:07:59,994 - Persepolis - INFO - vivaldi: Json file is created successfully.
persepolis executer file is created successfully.

2024-03-04 22:07:59,996 - Persepolis - INFO - firefox: Json file is created successfully.
persepolis executer file is created successfully.

2024-03-04 22:08:00,264 - Persepolis - INFO - youtube_dl version: 2021.12.17
2024-03-04 22:08:00,437 - Persepolis - ERROR - Aria2 didn't respond!
2024-03-04 22:08:00,437 - Persepolis - INFO - Starting Aria2
2024-03-04 22:08:00,500 - Persepolis - INFO - 
**********
ffmpeg version n6.1.1 Copyright (c) 2000-2023 the FFmpeg developers
built with gcc 13.2.1 (GCC) 20230801 configuration: --prefix=/usr
--disable-debug --disable-static --disable-stripping --enable-amf
--enable-avisynth --enable-cuda-llvm --enable-lto --enable-fontconfig
--enable-frei0r --enable-gmp --enable-gnutls --enable-gpl --enable-
ladspa --enable-libaom --enable-libass --enable-libbluray --enable-
libbs2b --enable-libdav1d --enable-libdrm --enable-libfreetype
--enable-libfribidi --enable-libgsm --enable-libharfbuzz --enable-
libiec61883 --enable-libjack --enable-libjxl --enable-libmodplug
--enable-libmp3lame --enable-libopencore_amrnb --enable-
libopencore_amrwb --enable-libopenjpeg --enable-libopenmpt --enable-
libopus --enable-libplacebo --enable-libpulse --enable-librav1e
--enable-librsvg --enable-librubberband --enable-libsnappy --enable-
libsoxr --enable-libspeex --enable-libsrt --enable-libssh --enable-
libsvtav1 --enable-libtheora --enable-libv4l2 --enable-libvidstab
--enable-libvmaf --enable-libvorbis --enable-libvpl --enable-libvpx
--enable-libwebp --enable-libx264 --enable-libx265 --enable-libxcb
--enable-libxml2 --enable-libxvid --enable-libzimg --enable-nvdec
--enable-nvenc --enable-opencl --enable-opengl --enable-shared
--enable-vapoursynth --enable-version3 --enable-vulkan libavutil
58. 29.100 / 58. 29.100 libavcodec     60. 31.102 / 60. 31.102
libavformat    60. 16.100 / 60. 16.100 libavdevice    60.  3.100 / 60.
3.100 libavfilter     9. 12.100 /  9. 12.100 libswscale      7.  5.100
/  7.  5.100 libswresample   4. 12.100 /  4. 12.100 libpostproc    57.
3.100 / 57.  3.100
**********

2024-03-04 22:08:00,500 - Persepolis - INFO - python version: 3.11.7 (main, Jan 29 2024, 16:03:57) [GCC 13.2.1 20230801]
2024-03-04 22:08:00,500 - Persepolis - INFO - QT version: 5.15.11
2024-03-04 22:08:00,500 - Persepolis - INFO - PyQt version: 5.15.10
2024-03-04 22:08:00,500 - Persepolis - INFO - Operating system: Linux
2024-03-04 22:08:00,500 - Persepolis - INFO - Desktop env.: KDE
2024-03-04 22:08:02,441 - Persepolis - INFO - Aria2 is running
2024-03-04 22:08:02,441 - Persepolis - INFO - Aria2 version: 1.37.0
2024-03-04 22:08:03,639 - Persepolis - INFO - Please wait ...
2024-03-04 22:08:03,641 - Persepolis - INFO - Aria2 Shutdown : OK
2024-03-04 22:08:04,342 - Persepolis - INFO - Persepolis closed!
===================================================
Persepolis Download Manager, 2024/03/04 23:00:04
2024-03-04 23:00:04,278 - Persepolis - INFO - chrome: Json file is created successfully.
persepolis executer file is created successfully.

2024-03-04 23:00:04,280 - Persepolis - INFO - chromium: Json file is created successfully.
persepolis executer file is created successfully.

2024-03-04 23:00:04,282 - Persepolis - INFO - opera: Json file is created successfully.
persepolis executer file is created successfully.

2024-03-04 23:00:04,284 - Persepolis - INFO - vivaldi: Json file is created successfully.
persepolis executer file is created successfully.

2024-03-04 23:00:04,286 - Persepolis - INFO - firefox: Json file is created successfully.
persepolis executer file is created successfully.

2024-03-04 23:00:04,566 - Persepolis - INFO - youtube_dl version: 2021.12.17
2024-03-04 23:00:04,747 - Persepolis - ERROR - Aria2 didn't respond!
2024-03-04 23:00:04,747 - Persepolis - INFO - Starting Aria2
2024-03-04 23:00:04,801 - Persepolis - INFO - 
**********
ffmpeg version n6.1.1 Copyright (c) 2000-2023 the FFmpeg developers
built with gcc 13.2.1 (GCC) 20230801 configuration: --prefix=/usr
--disable-debug --disable-static --disable-stripping --enable-amf
--enable-avisynth --enable-cuda-llvm --enable-lto --enable-fontconfig
--enable-frei0r --enable-gmp --enable-gnutls --enable-gpl --enable-
ladspa --enable-libaom --enable-libass --enable-libbluray --enable-
libbs2b --enable-libdav1d --enable-libdrm --enable-libfreetype
--enable-libfribidi --enable-libgsm --enable-libharfbuzz --enable-
libiec61883 --enable-libjack --enable-libjxl --enable-libmodplug
--enable-libmp3lame --enable-libopencore_amrnb --enable-
libopencore_amrwb --enable-libopenjpeg --enable-libopenmpt --enable-
libopus --enable-libplacebo --enable-libpulse --enable-librav1e
--enable-librsvg --enable-librubberband --enable-libsnappy --enable-
libsoxr --enable-libspeex --enable-libsrt --enable-libssh --enable-
libsvtav1 --enable-libtheora --enable-libv4l2 --enable-libvidstab
--enable-libvmaf --enable-libvorbis --enable-libvpl --enable-libvpx
--enable-libwebp --enable-libx264 --enable-libx265 --enable-libxcb
--enable-libxml2 --enable-libxvid --enable-libzimg --enable-nvdec
--enable-nvenc --enable-opencl --enable-opengl --enable-shared
--enable-vapoursynth --enable-version3 --enable-vulkan libavutil
58. 29.100 / 58. 29.100 libavcodec     60. 31.102 / 60. 31.102
libavformat    60. 16.100 / 60. 16.100 libavdevice    60.  3.100 / 60.
3.100 libavfilter     9. 12.100 /  9. 12.100 libswscale      7.  5.100
/  7.  5.100 libswresample   4. 12.100 /  4. 12.100 libpostproc    57.
3.100 / 57.  3.100
**********

2024-03-04 23:00:04,801 - Persepolis - INFO - python version: 3.11.7 (main, Jan 29 2024, 16:03:57) [GCC 13.2.1 20230801]
2024-03-04 23:00:04,801 - Persepolis - INFO - QT version: 5.15.11
2024-03-04 23:00:04,801 - Persepolis - INFO - PyQt version: 5.15.10
2024-03-04 23:00:04,802 - Persepolis - INFO - Operating system: Linux
2024-03-04 23:00:04,802 - Persepolis - INFO - Desktop env.: KDE
2024-03-04 23:00:06,751 - Persepolis - INFO - Aria2 is running
2024-03-04 23:00:06,751 - Persepolis - INFO - Aria2 version: 1.37.0
Persepolis Download Manager, 2024/03/04 23:53:10
2024-03-04 23:53:10,347 - Persepolis - INFO - chrome: Json file is created successfully.
persepolis executer file is created successfully.

2024-03-04 23:53:10,352 - Persepolis - INFO - chromium: Json file is created successfully.
persepolis executer file is created successfully.

2024-03-04 23:53:10,357 - Persepolis - INFO - opera: Json file is created successfully.
persepolis executer file is created successfully.

2024-03-04 23:53:10,361 - Persepolis - INFO - vivaldi: Json file is created successfully.
persepolis executer file is created successfully.

2024-03-04 23:53:10,366 - Persepolis - INFO - firefox: Json file is created successfully.
persepolis executer file is created successfully.

2024-03-04 23:53:11,276 - Persepolis - INFO - youtube_dl version: 2021.12.17
2024-03-04 23:53:11,505 - Persepolis - ERROR - Aria2 didn't respond!
2024-03-04 23:53:11,505 - Persepolis - INFO - Starting Aria2
2024-03-04 23:53:11,593 - Persepolis - INFO - 
**********
ffmpeg version n6.1.1 Copyright (c) 2000-2023 the FFmpeg developers
built with gcc 13.2.1 (GCC) 20230801 configuration: --prefix=/usr
--disable-debug --disable-static --disable-stripping --enable-amf
--enable-avisynth --enable-cuda-llvm --enable-lto --enable-fontconfig
--enable-frei0r --enable-gmp --enable-gnutls --enable-gpl --enable-
ladspa --enable-libaom --enable-libass --enable-libbluray --enable-
libbs2b --enable-libdav1d --enable-libdrm --enable-libfreetype
--enable-libfribidi --enable-libgsm --enable-libharfbuzz --enable-
libiec61883 --enable-libjack --enable-libjxl --enable-libmodplug
--enable-libmp3lame --enable-libopencore_amrnb --enable-
libopencore_amrwb --enable-libopenjpeg --enable-libopenmpt --enable-
libopus --enable-libplacebo --enable-libpulse --enable-librav1e
--enable-librsvg --enable-librubberband --enable-libsnappy --enable-
libsoxr --enable-libspeex --enable-libsrt --enable-libssh --enable-
libsvtav1 --enable-libtheora --enable-libv4l2 --enable-libvidstab
--enable-libvmaf --enable-libvorbis --enable-libvpl --enable-libvpx
--enable-libwebp --enable-libx264 --enable-libx265 --enable-libxcb
--enable-libxml2 --enable-libxvid --enable-libzimg --enable-nvdec
--enable-nvenc --enable-opencl --enable-opengl --enable-shared
--enable-vapoursynth --enable-version3 --enable-vulkan libavutil
58. 29.100 / 58. 32.100 libavcodec     60. 31.102 / 60. 34.100
libavformat    60. 16.100 / 60. 17.100 libavdevice    60.  3.100 / 60.
3.100 libavfilter     9. 12.100 /  9. 12.100 libswscale      7.  5.100
/  7.  5.100 libswresample   4. 12.100 /  4. 12.100 libpostproc    57.
3.100 / 57.  3.100
**********

2024-03-04 23:53:11,593 - Persepolis - INFO - python version: 3.11.7 (main, Jan 29 2024, 16:03:57) [GCC 13.2.1 20230801]
2024-03-04 23:53:11,593 - Persepolis - INFO - QT version: 5.15.11
2024-03-04 23:53:11,593 - Persepolis - INFO - PyQt version: 5.15.10
2024-03-04 23:53:11,593 - Persepolis - INFO - Operating system: Linux
2024-03-04 23:53:11,593 - Persepolis - INFO - Desktop env.: KDE
2024-03-04 23:53:13,509 - Persepolis - INFO - Aria2 is running
2024-03-04 23:53:13,509 - Persepolis - INFO - Aria2 version: 1.37.0
2024-03-05 20:01:58,022 - Persepolis - ERROR - Spider couldn't find file name
2024-03-05 20:01:59,173 - Persepolis - INFO - 7658edb4581a7bc1 Starts
2024-03-05 20:02:00,091 - Persepolis - ERROR - Download failed - GID : 7658edb4581a7bc1- Message : Download aborted.
2024-03-05 20:02:07,447 - Persepolis - INFO - 7658edb4581a7bc1 Starts
2024-03-05 20:02:08,340 - Persepolis - ERROR - Download failed - GID : 7658edb4581a7bc1- Message : Download aborted.
2024-03-05 20:02:16,964 - Persepolis - ERROR - Spider couldn't find file name
2024-03-05 20:02:16,964 - Persepolis - ERROR - Spider couldn't find file size
2024-03-05 20:02:18,655 - Persepolis - INFO - 6f630c0d4b8ca6a3 Starts
2024-03-05 20:02:20,444 - Persepolis - ERROR - Download failed - GID : 6f630c0d4b8ca6a3- Message : Download aborted.
===================================================
Persepolis Download Manager, 2024/03/05 20:04:11
2024-03-05 20:04:11,973 - Persepolis - INFO - chrome: Json file is created successfully.
persepolis executer file is created successfully.

2024-03-05 20:04:11,976 - Persepolis - INFO - chromium: Json file is created successfully.
persepolis executer file is created successfully.

2024-03-05 20:04:11,978 - Persepolis - INFO - opera: Json file is created successfully.
persepolis executer file is created successfully.

2024-03-05 20:04:11,981 - Persepolis - INFO - vivaldi: Json file is created successfully.
persepolis executer file is created successfully.

2024-03-05 20:04:11,983 - Persepolis - INFO - firefox: Json file is created successfully.
persepolis executer file is created successfully.

2024-03-05 20:04:12,675 - Persepolis - INFO - youtube_dl version: 2021.12.17
2024-03-05 20:04:12,873 - Persepolis - ERROR - Aria2 didn't respond!
2024-03-05 20:04:12,873 - Persepolis - INFO - Starting Aria2
2024-03-05 20:04:12,956 - Persepolis - INFO - 
**********
ffmpeg version n6.1.1 Copyright (c) 2000-2023 the FFmpeg developers
built with gcc 13.2.1 (GCC) 20230801 configuration: --prefix=/usr
--disable-debug --disable-static --disable-stripping --enable-amf
--enable-avisynth --enable-cuda-llvm --enable-lto --enable-fontconfig
--enable-frei0r --enable-gmp --enable-gnutls --enable-gpl --enable-
ladspa --enable-libaom --enable-libass --enable-libbluray --enable-
libbs2b --enable-libdav1d --enable-libdrm --enable-libfreetype
--enable-libfribidi --enable-libgsm --enable-libharfbuzz --enable-
libiec61883 --enable-libjack --enable-libjxl --enable-libmodplug
--enable-libmp3lame --enable-libopencore_amrnb --enable-
libopencore_amrwb --enable-libopenjpeg --enable-libopenmpt --enable-
libopus --enable-libplacebo --enable-libpulse --enable-librav1e
--enable-librsvg --enable-librubberband --enable-libsnappy --enable-
libsoxr --enable-libspeex --enable-libsrt --enable-libssh --enable-
libsvtav1 --enable-libtheora --enable-libv4l2 --enable-libvidstab
--enable-libvmaf --enable-libvorbis --enable-libvpl --enable-libvpx
--enable-libwebp --enable-libx264 --enable-libx265 --enable-libxcb
--enable-libxml2 --enable-libxvid --enable-libzimg --enable-nvdec
--enable-nvenc --enable-opencl --enable-opengl --enable-shared
--enable-vapoursynth --enable-version3 --enable-vulkan libavutil
58. 29.100 / 58. 29.100 libavcodec     60. 31.102 / 60. 31.102
libavformat    60. 16.100 / 60. 16.100 libavdevice    60.  3.100 / 60.
3.100 libavfilter     9. 12.100 /  9. 12.100 libswscale      7.  5.100
/  7.  5.100 libswresample   4. 12.100 /  4. 12.100 libpostproc    57.
3.100 / 57.  3.100
**********

2024-03-05 20:04:12,956 - Persepolis - INFO - python version: 3.11.7 (main, Jan 29 2024, 16:03:57) [GCC 13.2.1 20230801]
2024-03-05 20:04:12,956 - Persepolis - INFO - QT version: 5.15.11
2024-03-05 20:04:12,956 - Persepolis - INFO - PyQt version: 5.15.10
2024-03-05 20:04:12,956 - Persepolis - INFO - Operating system: Linux
2024-03-05 20:04:12,956 - Persepolis - INFO - Desktop env.: KDE
2024-03-05 20:04:14,880 - Persepolis - INFO - Aria2 is running
2024-03-05 20:04:14,880 - Persepolis - INFO - Aria2 version: 1.37.0
2024-03-05 20:04:17,343 - Persepolis - INFO - 6f630c0d4b8ca6a3 Starts
2024-03-05 20:10:46,058 - Persepolis - ERROR - Persepolis can not move file
2024-03-05 20:10:46,068 - Persepolis - INFO - Download complete - GID : 6f630c0d4b8ca6a3
2024-03-05 20:17:54,656 - Persepolis - ERROR - Spider couldn't find file name
2024-03-05 20:17:55,075 - Persepolis - INFO - 183979c9075567f1 Starts
2024-03-05 20:53:05,526 - Persepolis - ERROR - Download failed - GID : 183979c9075567f1- Message : No URI available.
